<?xml version="1.0" encoding="UTF-8"?>
<!-- Generated by org.testng.reporters.JUnitReportReporter -->
<testsuite hostname="win2019" failures="0" tests="1" name="finalTest.Create_Resource" time="3.280" errors="0" timestamp="2024-06-21T09:31:56 PDT" skipped="0">
  <testcase classname="finalTest.Create_Resource" name="verifyLisyUserTest" time="3.280"/>
  <system-out/>
</testsuite> <!-- finalTest.Create_Resource -->
